This file contains any messages produced by compilers while
running configure, to aid debugging if configure makes a mistake.

It was created by linjap configure 2.0.5, which was
generated by GNU Autoconf 2.63.  Invocation command line was

  $ ./configure 

## --------- ##
## Platform. ##
## --------- ##

hostname = hjemme.tjenen
uname -m = x86_64
uname -r = 3.0-ARCH
uname -s = Linux
uname -v = #1 SMP PREEMPT Wed Oct 19 10:27:51 CEST 2011

/usr/bin/uname -p = unknown
/bin/uname -X     = unknown

/bin/arch              = x86_64
/usr/bin/arch -k       = unknown
/usr/convex/getsysinfo = unknown
/usr/bin/hostinfo      = unknown
/bin/machine           = unknown
/usr/bin/oslevel       = unknown
/bin/universe          = unknown

PATH: /opt/e17/bin
PATH: /home/sin/sys/bin
PATH: /usr/local/bin
PATH: /usr/bin
PATH: /bin
PATH: /usr/local/sbin
PATH: /usr/sbin
PATH: /sbin
PATH: /usr/share/java/apache-ant/bin
PATH: /usr/bin/site_perl
PATH: /usr/bin/vendor_perl
PATH: /usr/bin/core_perl


## ----------- ##
## Core tests. ##
## ----------- ##

configure:2097: checking for a BSD-compatible install
configure:2165: result: /bin/install -c
configure:2176: checking whether build environment is sane
configure:2236: result: yes
configure:2377: checking for a thread-safe mkdir -p
configure:2416: result: /bin/mkdir -p
configure:2429: checking for gawk
configure:2445: found /usr/bin/gawk
configure:2456: result: gawk
configure:2467: checking whether make sets $(MAKE)
configure:2489: result: yes
configure:2574: checking whether to enable maintainer-specific portions of Makefiles
configure:2583: result: no
configure:2609: checking for style of include used by make
configure:2637: result: GNU
configure:2707: checking for gcc
configure:2723: found /usr/bin/gcc
configure:2734: result: gcc
configure:2966: checking for C compiler version
configure:2974: gcc --version >&5
gcc (GCC) 4.6.2
Copyright (C) 2011 Free Software Foundation, Inc.
This is free software; see the source for copying conditions.  There is NO
warranty; not even for MERCHANTABILITY or FITNESS FOR A PARTICULAR PURPOSE.

configure:2978: $? = 0
configure:2985: gcc -v >&5
Using built-in specs.
COLLECT_GCC=gcc
COLLECT_LTO_WRAPPER=/usr/lib/gcc/x86_64-unknown-linux-gnu/4.6.2/lto-wrapper
Target: x86_64-unknown-linux-gnu
Configured with: /build/src/gcc-4.6.2/configure --prefix=/usr --libdir=/usr/lib --libexecdir=/usr/lib --mandir=/usr/share/man --infodir=/usr/share/info --with-bugurl=https://bugs.archlinux.org/ --enable-languages=c,c++,ada,fortran,go,lto,objc,obj-c++ --enable-shared --enable-threads=posix --with-system-zlib --enable-__cxa_atexit --disable-libunwind-exceptions --enable-clocale=gnu --enable-gnu-unique-object --enable-linker-build-id --with-ppl --enable-cloog-backend=isl --enable-lto --enable-gold --enable-ld=default --enable-plugin --with-plugin-ld=ld.gold --disable-multilib --disable-libssp --disable-libstdcxx-pch --enable-checking=release
Thread model: posix
gcc version 4.6.2 (GCC) 
configure:2989: $? = 0
configure:2996: gcc -V >&5
gcc: error: unrecognized option '-V'
gcc: fatal error: no input files
compilation terminated.
configure:3000: $? = 1
configure:3023: checking for C compiler default output file name
configure:3045: gcc    conftest.c  >&5
configure:3049: $? = 0
configure:3087: result: a.out
configure:3106: checking whether the C compiler works
configure:3116: ./a.out
configure:3120: $? = 0
configure:3139: result: yes
configure:3146: checking whether we are cross compiling
configure:3148: result: no
configure:3151: checking for suffix of executables
configure:3158: gcc -o conftest    conftest.c  >&5
configure:3162: $? = 0
configure:3188: result: 
configure:3194: checking for suffix of object files
configure:3220: gcc -c   conftest.c >&5
configure:3224: $? = 0
configure:3249: result: o
configure:3253: checking whether we are using the GNU C compiler
configure:3282: gcc -c   conftest.c >&5
configure:3289: $? = 0
configure:3306: result: yes
configure:3315: checking whether gcc accepts -g
configure:3345: gcc -c -g  conftest.c >&5
configure:3352: $? = 0
configure:3453: result: yes
configure:3470: checking for gcc option to accept ISO C89
configure:3544: gcc  -c -g -O2  conftest.c >&5
configure:3551: $? = 0
configure:3574: result: none needed
configure:3594: checking dependency style of gcc
configure:3704: result: gcc3
configure:3720: checking for library containing strerror
configure:3761: gcc -o conftest -g -O2   conftest.c  >&5
configure:3768: $? = 0
configure:3799: result: none required
configure:3865: checking for g++
configure:3881: found /usr/bin/g++
configure:3892: result: g++
configure:3919: checking for C++ compiler version
configure:3927: g++ --version >&5
g++ (GCC) 4.6.2
Copyright (C) 2011 Free Software Foundation, Inc.
This is free software; see the source for copying conditions.  There is NO
warranty; not even for MERCHANTABILITY or FITNESS FOR A PARTICULAR PURPOSE.

configure:3931: $? = 0
configure:3938: g++ -v >&5
Using built-in specs.
COLLECT_GCC=g++
COLLECT_LTO_WRAPPER=/usr/lib/gcc/x86_64-unknown-linux-gnu/4.6.2/lto-wrapper
Target: x86_64-unknown-linux-gnu
Configured with: /build/src/gcc-4.6.2/configure --prefix=/usr --libdir=/usr/lib --libexecdir=/usr/lib --mandir=/usr/share/man --infodir=/usr/share/info --with-bugurl=https://bugs.archlinux.org/ --enable-languages=c,c++,ada,fortran,go,lto,objc,obj-c++ --enable-shared --enable-threads=posix --with-system-zlib --enable-__cxa_atexit --disable-libunwind-exceptions --enable-clocale=gnu --enable-gnu-unique-object --enable-linker-build-id --with-ppl --enable-cloog-backend=isl --enable-lto --enable-gold --enable-ld=default --enable-plugin --with-plugin-ld=ld.gold --disable-multilib --disable-libssp --disable-libstdcxx-pch --enable-checking=release
Thread model: posix
gcc version 4.6.2 (GCC) 
configure:3942: $? = 0
configure:3949: g++ -V >&5
g++: error: unrecognized option '-V'
g++: fatal error: no input files
compilation terminated.
configure:3953: $? = 1
configure:3956: checking whether we are using the GNU C++ compiler
configure:3985: g++ -c   conftest.cpp >&5
configure:3992: $? = 0
configure:4009: result: yes
configure:4018: checking whether g++ accepts -g
configure:4048: g++ -c -g  conftest.cpp >&5
configure:4055: $? = 0
configure:4156: result: yes
configure:4181: checking dependency style of g++
configure:4291: result: gcc3
configure:4354: checking for gcc
configure:4381: result: gcc
configure:4613: checking for C compiler version
configure:4621: gcc --version >&5
gcc (GCC) 4.6.2
Copyright (C) 2011 Free Software Foundation, Inc.
This is free software; see the source for copying conditions.  There is NO
warranty; not even for MERCHANTABILITY or FITNESS FOR A PARTICULAR PURPOSE.

configure:4625: $? = 0
configure:4632: gcc -v >&5
Using built-in specs.
COLLECT_GCC=gcc
COLLECT_LTO_WRAPPER=/usr/lib/gcc/x86_64-unknown-linux-gnu/4.6.2/lto-wrapper
Target: x86_64-unknown-linux-gnu
Configured with: /build/src/gcc-4.6.2/configure --prefix=/usr --libdir=/usr/lib --libexecdir=/usr/lib --mandir=/usr/share/man --infodir=/usr/share/info --with-bugurl=https://bugs.archlinux.org/ --enable-languages=c,c++,ada,fortran,go,lto,objc,obj-c++ --enable-shared --enable-threads=posix --with-system-zlib --enable-__cxa_atexit --disable-libunwind-exceptions --enable-clocale=gnu --enable-gnu-unique-object --enable-linker-build-id --with-ppl --enable-cloog-backend=isl --enable-lto --enable-gold --enable-ld=default --enable-plugin --with-plugin-ld=ld.gold --disable-multilib --disable-libssp --disable-libstdcxx-pch --enable-checking=release
Thread model: posix
gcc version 4.6.2 (GCC) 
configure:4636: $? = 0
configure:4643: gcc -V >&5
gcc: error: unrecognized option '-V'
gcc: fatal error: no input files
compilation terminated.
configure:4647: $? = 1
configure:4650: checking whether we are using the GNU C compiler
configure:4703: result: yes
configure:4712: checking whether gcc accepts -g
configure:4850: result: yes
configure:4867: checking for gcc option to accept ISO C89
configure:4971: result: none needed
configure:4991: checking dependency style of gcc
configure:5101: result: gcc3
configure:5124: checking how to run the C preprocessor
configure:5164: gcc -E  conftest.c
configure:5171: $? = 0
configure:5202: gcc -E  conftest.c
conftest.c:10:28: fatal error: ac_nonexistent.h: No such file or directory
compilation terminated.
configure:5209: $? = 1
configure: failed program was:
| /* confdefs.h.  */
| #define PACKAGE_NAME "linjap"
| #define PACKAGE_TARNAME "linjap"
| #define PACKAGE_VERSION "2.0.5"
| #define PACKAGE_STRING "linjap 2.0.5"
| #define PACKAGE_BUGREPORT "linjap.berlios.de"
| #define PACKAGE "linjap"
| #define VERSION "2.0.5"
| /* end confdefs.h.  */
| #include <ac_nonexistent.h>
configure:5242: result: gcc -E
configure:5271: gcc -E  conftest.c
configure:5278: $? = 0
configure:5309: gcc -E  conftest.c
conftest.c:10:28: fatal error: ac_nonexistent.h: No such file or directory
compilation terminated.
configure:5316: $? = 1
configure: failed program was:
| /* confdefs.h.  */
| #define PACKAGE_NAME "linjap"
| #define PACKAGE_TARNAME "linjap"
| #define PACKAGE_VERSION "2.0.5"
| #define PACKAGE_STRING "linjap 2.0.5"
| #define PACKAGE_BUGREPORT "linjap.berlios.de"
| #define PACKAGE "linjap"
| #define VERSION "2.0.5"
| /* end confdefs.h.  */
| #include <ac_nonexistent.h>
configure:5356: checking for grep that handles long lines and -e
configure:5416: result: /bin/grep
configure:5421: checking for egrep
configure:5485: result: /bin/grep -E
configure:5490: checking for ANSI C header files
configure:5520: gcc -c -g -O2  conftest.c >&5
configure:5527: $? = 0
configure:5626: gcc -o conftest -g -O2   conftest.c  >&5
configure:5630: $? = 0
configure:5636: ./conftest
configure:5640: $? = 0
configure:5658: result: yes
configure:5705: checking build system type
configure:5723: result: x86_64-unknown-linux-gnu
configure:5745: checking host system type
configure:5760: result: x86_64-unknown-linux-gnu
configure:5782: checking for a sed that does not truncate output
configure:5848: result: /bin/sed
configure:5866: checking for fgrep
configure:5930: result: /bin/grep -F
configure:5965: checking for ld used by gcc
configure:6032: result: /usr/bin/ld
configure:6041: checking if the linker (/usr/bin/ld) is GNU ld
configure:6056: result: yes
configure:6068: checking for BSD- or MS-compatible name lister (nm)
configure:6117: result: /usr/bin/nm -B
configure:6235: checking the name lister (/usr/bin/nm -B) interface
configure:6242: gcc -c -g -O2  conftest.c >&5
configure:6245: /usr/bin/nm -B "conftest.o"
configure:6248: output
0000000000000000 B some_variable
configure:6255: result: BSD nm
configure:6258: checking whether ln -s works
configure:6262: result: yes
configure:6270: checking the maximum length of command line arguments
configure:6390: result: 1572864
configure:6407: checking whether the shell understands some XSI constructs
configure:6417: result: yes
configure:6421: checking whether the shell understands "+="
configure:6427: result: yes
configure:6462: checking for /usr/bin/ld option to reload object files
configure:6469: result: -r
configure:6538: checking for objdump
configure:6554: found /usr/bin/objdump
configure:6565: result: objdump
configure:6597: checking how to recognize dependent libraries
configure:6793: result: pass_all
configure:6853: checking for ar
configure:6869: found /usr/bin/ar
configure:6880: result: ar
configure:6958: checking for strip
configure:6974: found /usr/bin/strip
configure:6985: result: strip
configure:7057: checking for ranlib
configure:7073: found /usr/bin/ranlib
configure:7084: result: ranlib
configure:7174: checking command to parse /usr/bin/nm -B output from gcc object
configure:7292: gcc -c -g -O2  conftest.c >&5
configure:7295: $? = 0
configure:7299: /usr/bin/nm -B conftest.o \| sed -n -e 's/^.*[	 ]\([ABCDGIRSTW][ABCDGIRSTW]*\)[	 ][	 ]*\([_A-Za-z][_A-Za-z0-9]*\)$/\1 \2 \2/p' \> conftest.nm
configure:7302: $? = 0
configure:7356: gcc -o conftest -g -O2   conftest.c conftstm.o >&5
configure:7359: $? = 0
configure:7397: result: ok
configure:7492: gcc -c -g -O2  conftest.c >&5
configure:7495: $? = 0
configure:8272: checking for sys/types.h
configure:8293: gcc -c -g -O2  conftest.c >&5
configure:8300: $? = 0
configure:8317: result: yes
configure:8272: checking for sys/stat.h
configure:8293: gcc -c -g -O2  conftest.c >&5
configure:8300: $? = 0
configure:8317: result: yes
configure:8272: checking for stdlib.h
configure:8293: gcc -c -g -O2  conftest.c >&5
configure:8300: $? = 0
configure:8317: result: yes
configure:8272: checking for string.h
configure:8293: gcc -c -g -O2  conftest.c >&5
configure:8300: $? = 0
configure:8317: result: yes
configure:8272: checking for memory.h
configure:8293: gcc -c -g -O2  conftest.c >&5
configure:8300: $? = 0
configure:8317: result: yes
configure:8272: checking for strings.h
configure:8293: gcc -c -g -O2  conftest.c >&5
configure:8300: $? = 0
configure:8317: result: yes
configure:8272: checking for inttypes.h
configure:8293: gcc -c -g -O2  conftest.c >&5
configure:8300: $? = 0
configure:8317: result: yes
configure:8272: checking for stdint.h
configure:8293: gcc -c -g -O2  conftest.c >&5
configure:8300: $? = 0
configure:8317: result: yes
configure:8272: checking for unistd.h
configure:8293: gcc -c -g -O2  conftest.c >&5
configure:8300: $? = 0
configure:8317: result: yes
configure:8335: checking for dlfcn.h
configure:8356: gcc -c -g -O2  conftest.c >&5
configure:8363: $? = 0
configure:8380: result: yes
configure:8507: checking for C++ compiler version
configure:8515: g++ --version >&5
g++ (GCC) 4.6.2
Copyright (C) 2011 Free Software Foundation, Inc.
This is free software; see the source for copying conditions.  There is NO
warranty; not even for MERCHANTABILITY or FITNESS FOR A PARTICULAR PURPOSE.

configure:8519: $? = 0
configure:8526: g++ -v >&5
Using built-in specs.
COLLECT_GCC=g++
COLLECT_LTO_WRAPPER=/usr/lib/gcc/x86_64-unknown-linux-gnu/4.6.2/lto-wrapper
Target: x86_64-unknown-linux-gnu
Configured with: /build/src/gcc-4.6.2/configure --prefix=/usr --libdir=/usr/lib --libexecdir=/usr/lib --mandir=/usr/share/man --infodir=/usr/share/info --with-bugurl=https://bugs.archlinux.org/ --enable-languages=c,c++,ada,fortran,go,lto,objc,obj-c++ --enable-shared --enable-threads=posix --with-system-zlib --enable-__cxa_atexit --disable-libunwind-exceptions --enable-clocale=gnu --enable-gnu-unique-object --enable-linker-build-id --with-ppl --enable-cloog-backend=isl --enable-lto --enable-gold --enable-ld=default --enable-plugin --with-plugin-ld=ld.gold --disable-multilib --disable-libssp --disable-libstdcxx-pch --enable-checking=release
Thread model: posix
gcc version 4.6.2 (GCC) 
configure:8530: $? = 0
configure:8537: g++ -V >&5
g++: error: unrecognized option '-V'
g++: fatal error: no input files
compilation terminated.
configure:8541: $? = 1
configure:8544: checking whether we are using the GNU C++ compiler
configure:8597: result: yes
configure:8606: checking whether g++ accepts -g
configure:8744: result: yes
configure:8769: checking dependency style of g++
configure:8879: result: gcc3
configure:8902: checking how to run the C++ preprocessor
configure:8938: g++ -E  conftest.cpp
configure:8945: $? = 0
configure:8976: g++ -E  conftest.cpp
conftest.cpp:21:28: fatal error: ac_nonexistent.h: No such file or directory
compilation terminated.
configure:8983: $? = 1
configure: failed program was:
| /* confdefs.h.  */
| #define PACKAGE_NAME "linjap"
| #define PACKAGE_TARNAME "linjap"
| #define PACKAGE_VERSION "2.0.5"
| #define PACKAGE_STRING "linjap 2.0.5"
| #define PACKAGE_BUGREPORT "linjap.berlios.de"
| #define PACKAGE "linjap"
| #define VERSION "2.0.5"
| #define STDC_HEADERS 1
| #define HAVE_SYS_TYPES_H 1
| #define HAVE_SYS_STAT_H 1
| #define HAVE_STDLIB_H 1
| #define HAVE_STRING_H 1
| #define HAVE_MEMORY_H 1
| #define HAVE_STRINGS_H 1
| #define HAVE_INTTYPES_H 1
| #define HAVE_STDINT_H 1
| #define HAVE_UNISTD_H 1
| #define HAVE_DLFCN_H 1
| /* end confdefs.h.  */
| #include <ac_nonexistent.h>
configure:9016: result: g++ -E
configure:9045: g++ -E  conftest.cpp
configure:9052: $? = 0
configure:9083: g++ -E  conftest.cpp
conftest.cpp:21:28: fatal error: ac_nonexistent.h: No such file or directory
compilation terminated.
configure:9090: $? = 1
configure: failed program was:
| /* confdefs.h.  */
| #define PACKAGE_NAME "linjap"
| #define PACKAGE_TARNAME "linjap"
| #define PACKAGE_VERSION "2.0.5"
| #define PACKAGE_STRING "linjap 2.0.5"
| #define PACKAGE_BUGREPORT "linjap.berlios.de"
| #define PACKAGE "linjap"
| #define VERSION "2.0.5"
| #define STDC_HEADERS 1
| #define HAVE_SYS_TYPES_H 1
| #define HAVE_SYS_STAT_H 1
| #define HAVE_STDLIB_H 1
| #define HAVE_STRING_H 1
| #define HAVE_MEMORY_H 1
| #define HAVE_STRINGS_H 1
| #define HAVE_INTTYPES_H 1
| #define HAVE_STDINT_H 1
| #define HAVE_UNISTD_H 1
| #define HAVE_DLFCN_H 1
| /* end confdefs.h.  */
| #include <ac_nonexistent.h>
configure:9304: checking for objdir
configure:9319: result: .libs
configure:9611: checking if gcc supports -fno-rtti -fno-exceptions
configure:9629: gcc -c -g -O2  -fno-rtti -fno-exceptions conftest.c >&5
cc1: warning: command line option '-fno-rtti' is valid for C++/ObjC++ but not for C [enabled by default]
configure:9633: $? = 0
configure:9646: result: no
configure:9666: checking for gcc option to produce PIC
configure:9938: result: -fPIC -DPIC
configure:9950: checking if gcc PIC flag -fPIC -DPIC works
configure:9968: gcc -c -g -O2  -fPIC -DPIC -DPIC conftest.c >&5
configure:9972: $? = 0
configure:9985: result: yes
configure:10009: checking if gcc static flag -static works
configure:10037: result: yes
configure:10052: checking if gcc supports -c -o file.o
configure:10073: gcc -c -g -O2  -o out/conftest2.o conftest.c >&5
configure:10077: $? = 0
configure:10099: result: yes
configure:10107: checking if gcc supports -c -o file.o
configure:10154: result: yes
configure:10187: checking whether the gcc linker (/usr/bin/ld -m elf_x86_64) supports shared libraries
configure:11261: result: yes
configure:11298: checking whether -lc should be explicitly linked in
configure:11303: gcc -c -g -O2  conftest.c >&5
configure:11306: $? = 0
configure:11321: gcc -shared conftest.o  -v -Wl,-soname -Wl,conftest -o conftest 2\>\&1 \| /bin/grep  -lc  \>/dev/null 2\>\&1
configure:11324: $? = 0
configure:11336: result: no
configure:11500: checking dynamic linker characteristics
configure:11943: gcc -o conftest -g -O2   -Wl,-rpath -Wl,/foo conftest.c  >&5
configure:11950: $? = 0
configure:12186: result: GNU/Linux ld.so
configure:12288: checking how to hardcode library paths into programs
configure:12313: result: immediate
configure:13146: checking whether stripping libraries is possible
configure:13151: result: yes
configure:13186: checking if libtool supports shared libraries
configure:13188: result: yes
configure:13191: checking whether to build shared libraries
configure:13212: result: yes
configure:13215: checking whether to build static libraries
configure:13219: result: yes
configure:13369: checking for ld used by g++
configure:13436: result: /usr/bin/ld -m elf_x86_64
configure:13445: checking if the linker (/usr/bin/ld -m elf_x86_64) is GNU ld
configure:13460: result: yes
configure:13515: checking whether the g++ linker (/usr/bin/ld -m elf_x86_64) supports shared libraries
configure:14490: result: yes
configure:14518: g++ -c -g -O2  conftest.cpp >&5
configure:14521: $? = 0
configure:14703: checking for g++ option to produce PIC
configure:15020: result: -fPIC -DPIC
configure:15029: checking if g++ PIC flag -fPIC -DPIC works
configure:15047: g++ -c -g -O2  -fPIC -DPIC -DPIC conftest.cpp >&5
configure:15051: $? = 0
configure:15064: result: yes
configure:15085: checking if g++ static flag -static works
configure:15113: result: yes
configure:15125: checking if g++ supports -c -o file.o
configure:15146: g++ -c -g -O2  -o out/conftest2.o conftest.cpp >&5
configure:15150: $? = 0
configure:15172: result: yes
configure:15177: checking if g++ supports -c -o file.o
configure:15224: result: yes
configure:15254: checking whether the g++ linker (/usr/bin/ld -m elf_x86_64) supports shared libraries
configure:15280: result: yes
configure:15417: checking dynamic linker characteristics
configure:15808: g++ -o conftest -g -O2   -Wl,-rpath -Wl,/foo conftest.cpp  >&5
configure:15815: $? = 0
configure:16051: result: GNU/Linux ld.so
configure:16102: checking how to hardcode library paths into programs
configure:16127: result: immediate
configure:16237: checking for pkg-config
configure:16255: found /usr/bin/pkg-config
configure:16267: result: /usr/bin/pkg-config
configure:16292: checking pkg-config is at least version 0.9.0
configure:16295: result: yes
configure:16306: checking for LINJAP
configure:16313: $PKG_CONFIG --exists --print-errors "gtkmm-2.4 >= 2.12    "
configure:16316: $? = 0
configure:16329: $PKG_CONFIG --exists --print-errors "gtkmm-2.4 >= 2.12    "
configure:16332: $? = 0
configure:16409: result: yes
configure:16571: creating ./config.status

## ---------------------- ##
## Running config.status. ##
## ---------------------- ##

This file was extended by linjap config.status 2.0.5, which was
generated by GNU Autoconf 2.63.  Invocation command line was

  CONFIG_FILES    = 
  CONFIG_HEADERS  = 
  CONFIG_LINKS    = 
  CONFIG_COMMANDS = 
  $ ./config.status 

on hjemme.tjenen

config.status:1058: creating Makefile
config.status:1058: creating src/Makefile
config.status:1058: creating config.h
config.status:1280: config.h is unchanged
config.status:1332: executing depfiles commands
config.status:1332: executing libtool commands

## ---------------- ##
## Cache variables. ##
## ---------------- ##

ac_cv_build=x86_64-unknown-linux-gnu
ac_cv_c_compiler_gnu=yes
ac_cv_cxx_compiler_gnu=yes
ac_cv_env_CCC_set=
ac_cv_env_CCC_value=
ac_cv_env_CC_set=
ac_cv_env_CC_value=
ac_cv_env_CFLAGS_set=
ac_cv_env_CFLAGS_value=
ac_cv_env_CPPFLAGS_set=
ac_cv_env_CPPFLAGS_value=
ac_cv_env_CPP_set=
ac_cv_env_CPP_value=
ac_cv_env_CXXCPP_set=
ac_cv_env_CXXCPP_value=
ac_cv_env_CXXFLAGS_set=
ac_cv_env_CXXFLAGS_value=
ac_cv_env_CXX_set=
ac_cv_env_CXX_value=
ac_cv_env_LDFLAGS_set=
ac_cv_env_LDFLAGS_value=
ac_cv_env_LIBS_set=
ac_cv_env_LIBS_value=
ac_cv_env_LINJAP_CFLAGS_set=
ac_cv_env_LINJAP_CFLAGS_value=
ac_cv_env_LINJAP_LIBS_set=
ac_cv_env_LINJAP_LIBS_value=
ac_cv_env_PKG_CONFIG_set=
ac_cv_env_PKG_CONFIG_value=
ac_cv_env_build_alias_set=
ac_cv_env_build_alias_value=
ac_cv_env_host_alias_set=
ac_cv_env_host_alias_value=
ac_cv_env_target_alias_set=
ac_cv_env_target_alias_value=
ac_cv_header_dlfcn_h=yes
ac_cv_header_inttypes_h=yes
ac_cv_header_memory_h=yes
ac_cv_header_stdc=yes
ac_cv_header_stdint_h=yes
ac_cv_header_stdlib_h=yes
ac_cv_header_string_h=yes
ac_cv_header_strings_h=yes
ac_cv_header_sys_stat_h=yes
ac_cv_header_sys_types_h=yes
ac_cv_header_unistd_h=yes
ac_cv_host=x86_64-unknown-linux-gnu
ac_cv_objext=o
ac_cv_path_EGREP='/bin/grep -E'
ac_cv_path_FGREP='/bin/grep -F'
ac_cv_path_GREP=/bin/grep
ac_cv_path_SED=/bin/sed
ac_cv_path_ac_pt_PKG_CONFIG=/usr/bin/pkg-config
ac_cv_path_install='/bin/install -c'
ac_cv_path_mkdir=/bin/mkdir
ac_cv_prog_AWK=gawk
ac_cv_prog_CPP='gcc -E'
ac_cv_prog_CXXCPP='g++ -E'
ac_cv_prog_ac_ct_AR=ar
ac_cv_prog_ac_ct_CC=gcc
ac_cv_prog_ac_ct_CXX=g++
ac_cv_prog_ac_ct_OBJDUMP=objdump
ac_cv_prog_ac_ct_RANLIB=ranlib
ac_cv_prog_ac_ct_STRIP=strip
ac_cv_prog_cc_c89=
ac_cv_prog_cc_g=yes
ac_cv_prog_cxx_g=yes
ac_cv_prog_make_make_set=yes
ac_cv_search_strerror='none required'
am_cv_CC_dependencies_compiler_type=gcc3
am_cv_CXX_dependencies_compiler_type=gcc3
am_cv_prog_cc_stdc=
lt_cv_deplibs_check_method=pass_all
lt_cv_file_magic_cmd='$MAGIC_CMD'
lt_cv_file_magic_test_file=
lt_cv_ld_reload_flag=-r
lt_cv_nm_interface='BSD nm'
lt_cv_objdir=.libs
lt_cv_path_LD=/usr/bin/ld
lt_cv_path_LDCXX='/usr/bin/ld -m elf_x86_64'
lt_cv_path_NM='/usr/bin/nm -B'
lt_cv_prog_compiler_c_o=yes
lt_cv_prog_compiler_c_o_CXX=yes
lt_cv_prog_compiler_pic_works=yes
lt_cv_prog_compiler_pic_works_CXX=yes
lt_cv_prog_compiler_rtti_exceptions=no
lt_cv_prog_compiler_static_works=yes
lt_cv_prog_compiler_static_works_CXX=yes
lt_cv_prog_gnu_ld=yes
lt_cv_prog_gnu_ldcxx=yes
lt_cv_sys_global_symbol_pipe='sed -n -e '\''s/^.*[	 ]\([ABCDGIRSTW][ABCDGIRSTW]*\)[	 ][	 ]*\([_A-Za-z][_A-Za-z0-9]*\)$/\1 \2 \2/p'\'''
lt_cv_sys_global_symbol_to_c_name_address='sed -n -e '\''s/^: \([^ ]*\) $/  {\"\1\", (void *) 0},/p'\'' -e '\''s/^[ABCDGIRSTW]* \([^ ]*\) \([^ ]*\)$/  {"\2", (void *) \&\2},/p'\'''
lt_cv_sys_global_symbol_to_c_name_address_lib_prefix='sed -n -e '\''s/^: \([^ ]*\) $/  {\"\1\", (void *) 0},/p'\'' -e '\''s/^[ABCDGIRSTW]* \([^ ]*\) \(lib[^ ]*\)$/  {"\2", (void *) \&\2},/p'\'' -e '\''s/^[ABCDGIRSTW]* \([^ ]*\) \([^ ]*\)$/  {"lib\2", (void *) \&\2},/p'\'''
lt_cv_sys_global_symbol_to_cdecl='sed -n -e '\''s/^T .* \(.*\)$/extern int \1();/p'\'' -e '\''s/^[ABCDGIRSTW]* .* \(.*\)$/extern char \1;/p'\'''
lt_cv_sys_max_cmd_len=1572864
pkg_cv_LINJAP_CFLAGS='-pthread -I/usr/include/gtkmm-2.4 -I/usr/lib/gtkmm-2.4/include -I/usr/include/atkmm-1.6 -I/usr/include/giomm-2.4 -I/usr/lib/giomm-2.4/include -I/usr/include/pangomm-1.4 -I/usr/lib/pangomm-1.4/include -I/usr/include/gtk-2.0 -I/usr/include/gtk-unix-print-2.0 -I/usr/include/gdkmm-2.4 -I/usr/lib/gdkmm-2.4/include -I/usr/include/atk-1.0 -I/usr/include/glibmm-2.4 -I/usr/lib/glibmm-2.4/include -I/usr/include/glib-2.0 -I/usr/lib/glib-2.0/include -I/usr/include/sigc++-2.0 -I/usr/lib/sigc++-2.0/include -I/usr/include/cairomm-1.0 -I/usr/lib/cairomm-1.0/include -I/usr/include/pango-1.0 -I/usr/include/cairo -I/usr/include/pixman-1 -I/usr/include/freetype2 -I/usr/include/libpng14 -I/usr/lib/gtk-2.0/include -I/usr/include/gdk-pixbuf-2.0  '
pkg_cv_LINJAP_LIBS='-pthread -lgtkmm-2.4 -latkmm-1.6 -lgdkmm-2.4 -lgiomm-2.4 -lpangomm-1.4 -lgtk-x11-2.0 -lglibmm-2.4 -lcairomm-1.0 -lsigc-2.0 -lgdk-x11-2.0 -latk-1.0 -lgio-2.0 -lpangoft2-1.0 -lpangocairo-1.0 -lgdk_pixbuf-2.0 -lcairo -lpango-1.0 -lfreetype -lfontconfig -lgobject-2.0 -lgmodule-2.0 -lgthread-2.0 -lrt -lglib-2.0  '

## ----------------- ##
## Output variables. ##
## ----------------- ##

ACLOCAL='${SHELL} /home/sin/Documents/Projects/linjap/missing --run aclocal-1.11'
AMDEPBACKSLASH='\'
AMDEP_FALSE='#'
AMDEP_TRUE=''
AMTAR='${SHELL} /home/sin/Documents/Projects/linjap/missing --run tar'
AR='ar'
AUTOCONF='${SHELL} /home/sin/Documents/Projects/linjap/missing --run autoconf'
AUTOHEADER='${SHELL} /home/sin/Documents/Projects/linjap/missing --run autoheader'
AUTOMAKE='${SHELL} /home/sin/Documents/Projects/linjap/missing --run automake-1.11'
AWK='gawk'
CC='gcc'
CCDEPMODE='depmode=gcc3'
CFLAGS='-g -O2'
CPP='gcc -E'
CPPFLAGS=''
CXX='g++'
CXXCPP='g++ -E'
CXXDEPMODE='depmode=gcc3'
CXXFLAGS='-g -O2'
CYGPATH_W='echo'
DEFS='-DHAVE_CONFIG_H'
DEPDIR='.deps'
DSYMUTIL=''
DUMPBIN=''
ECHO_C=''
ECHO_N='-n'
ECHO_T=''
EGREP='/bin/grep -E'
EXEEXT=''
FGREP='/bin/grep -F'
GREP='/bin/grep'
INSTALL_DATA='${INSTALL} -m 644'
INSTALL_PROGRAM='${INSTALL}'
INSTALL_SCRIPT='${INSTALL}'
INSTALL_STRIP_PROGRAM='$(install_sh) -c -s'
LD='/usr/bin/ld -m elf_x86_64'
LDFLAGS=''
LIBOBJS=''
LIBS=''
LIBTOOL='$(SHELL) $(top_builddir)/libtool'
LINJAP_CFLAGS='-pthread -I/usr/include/gtkmm-2.4 -I/usr/lib/gtkmm-2.4/include -I/usr/include/atkmm-1.6 -I/usr/include/giomm-2.4 -I/usr/lib/giomm-2.4/include -I/usr/include/pangomm-1.4 -I/usr/lib/pangomm-1.4/include -I/usr/include/gtk-2.0 -I/usr/include/gtk-unix-print-2.0 -I/usr/include/gdkmm-2.4 -I/usr/lib/gdkmm-2.4/include -I/usr/include/atk-1.0 -I/usr/include/glibmm-2.4 -I/usr/lib/glibmm-2.4/include -I/usr/include/glib-2.0 -I/usr/lib/glib-2.0/include -I/usr/include/sigc++-2.0 -I/usr/lib/sigc++-2.0/include -I/usr/include/cairomm-1.0 -I/usr/lib/cairomm-1.0/include -I/usr/include/pango-1.0 -I/usr/include/cairo -I/usr/include/pixman-1 -I/usr/include/freetype2 -I/usr/include/libpng14 -I/usr/lib/gtk-2.0/include -I/usr/include/gdk-pixbuf-2.0  '
LINJAP_LIBS='-pthread -lgtkmm-2.4 -latkmm-1.6 -lgdkmm-2.4 -lgiomm-2.4 -lpangomm-1.4 -lgtk-x11-2.0 -lglibmm-2.4 -lcairomm-1.0 -lsigc-2.0 -lgdk-x11-2.0 -latk-1.0 -lgio-2.0 -lpangoft2-1.0 -lpangocairo-1.0 -lgdk_pixbuf-2.0 -lcairo -lpango-1.0 -lfreetype -lfontconfig -lgobject-2.0 -lgmodule-2.0 -lgthread-2.0 -lrt -lglib-2.0  '
LIPO=''
LN_S='ln -s'
LTLIBOBJS=''
MAINT='#'
MAINTAINER_MODE_FALSE=''
MAINTAINER_MODE_TRUE='#'
MAKEINFO='${SHELL} /home/sin/Documents/Projects/linjap/missing --run makeinfo'
MKDIR_P='/bin/mkdir -p'
NM='/usr/bin/nm -B'
NMEDIT=''
OBJDUMP='objdump'
OBJEXT='o'
OTOOL64=''
OTOOL=''
PACKAGE='linjap'
PACKAGE_BUGREPORT='linjap.berlios.de'
PACKAGE_NAME='linjap'
PACKAGE_STRING='linjap 2.0.5'
PACKAGE_TARNAME='linjap'
PACKAGE_VERSION='2.0.5'
PATH_SEPARATOR=':'
PKG_CONFIG='/usr/bin/pkg-config'
RANLIB='ranlib'
SED='/bin/sed'
SET_MAKE=''
SHELL='/bin/sh'
STRIP='strip'
VERSION='2.0.5'
ac_ct_CC='gcc'
ac_ct_CXX='g++'
ac_ct_DUMPBIN=''
am__EXEEXT_FALSE=''
am__EXEEXT_TRUE='#'
am__fastdepCC_FALSE='#'
am__fastdepCC_TRUE=''
am__fastdepCXX_FALSE='#'
am__fastdepCXX_TRUE=''
am__include='include'
am__isrc=''
am__leading_dot='.'
am__quote=''
am__tar='${AMTAR} chof - "$$tardir"'
am__untar='${AMTAR} xf -'
bindir='${exec_prefix}/bin'
build='x86_64-unknown-linux-gnu'
build_alias=''
build_cpu='x86_64'
build_os='linux-gnu'
build_vendor='unknown'
datadir='${datarootdir}'
datarootdir='${prefix}/share'
docdir='${datarootdir}/doc/${PACKAGE_TARNAME}'
dvidir='${docdir}'
exec_prefix='${prefix}'
host='x86_64-unknown-linux-gnu'
host_alias=''
host_cpu='x86_64'
host_os='linux-gnu'
host_vendor='unknown'
htmldir='${docdir}'
includedir='${prefix}/include'
infodir='${datarootdir}/info'
install_sh='${SHELL} /home/sin/Documents/Projects/linjap/install-sh'
libdir='${exec_prefix}/lib'
libexecdir='${exec_prefix}/libexec'
localedir='${datarootdir}/locale'
localstatedir='${prefix}/var'
lt_ECHO='echo'
mandir='${datarootdir}/man'
mkdir_p='/bin/mkdir -p'
oldincludedir='/usr/include'
pdfdir='${docdir}'
prefix='/usr/local'
program_transform_name='s,x,x,'
psdir='${docdir}'
sbindir='${exec_prefix}/sbin'
sharedstatedir='${prefix}/com'
sysconfdir='${prefix}/etc'
target_alias=''

## ----------- ##
## confdefs.h. ##
## ----------- ##

#define PACKAGE_NAME "linjap"
#define PACKAGE_TARNAME "linjap"
#define PACKAGE_VERSION "2.0.5"
#define PACKAGE_STRING "linjap 2.0.5"
#define PACKAGE_BUGREPORT "linjap.berlios.de"
#define PACKAGE "linjap"
#define VERSION "2.0.5"
#define STDC_HEADERS 1
#define HAVE_SYS_TYPES_H 1
#define HAVE_SYS_STAT_H 1
#define HAVE_STDLIB_H 1
#define HAVE_STRING_H 1
#define HAVE_MEMORY_H 1
#define HAVE_STRINGS_H 1
#define HAVE_INTTYPES_H 1
#define HAVE_STDINT_H 1
#define HAVE_UNISTD_H 1
#define HAVE_DLFCN_H 1
#define LT_OBJDIR ".libs/"

configure: exit 0
